<?xml version="1.0" encoding="UTF-8"?>
<testng-results ignored="0" total="1" passed="1" failed="0" skipped="0">
  <reporter-output>
    <line>
      <![CDATA[element  is present:]]>
    </line>
    <line>
      <![CDATA[title is matching:]]>
    </line>
    <line>
      <![CDATA[title is matching:]]>
    </line>
    <line>
      <![CDATA[Broken image detected: http://the-internet.herokuapp.com/asdf.jpg]]>
    </line>
    <line>
      <![CDATA[Broken image detected: http://the-internet.herokuapp.com/hjkl.jpg]]>
    </line>
    <line>
      <![CDATA[title is matching:]]>
    </line>
    <line>
      <![CDATA[element  is present:]]>
    </line>
    <line>
      <![CDATA[element  is present:]]>
    </line>
    <line>
      <![CDATA[element  is present:]]>
    </line>
    <line>
      <![CDATA[title is matching:]]>
    </line>
    <line>
      <![CDATA[element  is present:]]>
    </line>
    <line>
      <![CDATA[title is matching:]]>
    </line>
    <line>
      <![CDATA[element  is present:]]>
    </line>
    <line>
      <![CDATA[element  is present:]]>
    </line>
    <line>
      <![CDATA[element  is present:]]>
    </line>
    <line>
      <![CDATA[element  is present:]]>
    </line>
    <line>
      <![CDATA[title is matching:]]>
    </line>
    <line>
      <![CDATA[element  is present:]]>
    </line>
  </reporter-output>
  <suite started-at="2023-06-04T07:55:38 IST" name="Suite" finished-at="2023-06-04T07:56:23 IST" duration-ms="45009">
    <groups>
    </groups>
    <test started-at="2023-06-04T07:55:38 IST" name="Test" finished-at="2023-06-04T07:56:23 IST" duration-ms="45009">
      <class name="Assignment_Test.Assignment_MainTest">
        <test-method is-config="true" signature="precondition()[pri:0, instance:Assignment_Test.Assignment_MainTest@39529185]" started-at="2023-06-04T07:55:28 IST" name="precondition" finished-at="2023-06-04T07:55:38 IST" duration-ms="9992" status="PASS">
          <reporter-output>
          </reporter-output>
        </test-method> <!-- precondition -->
        <test-method is-config="true" signature="beforetest()[pri:0, instance:Assignment_Test.Assignment_MainTest@39529185]" started-at="2023-06-04T07:55:38 IST" name="beforetest" finished-at="2023-06-04T07:55:50 IST" duration-ms="11496" status="PASS">
          <reporter-output>
            <line>
              <![CDATA[element  is present:]]>
            </line>
            <line>
              <![CDATA[title is matching:]]>
            </line>
            <line>
              <![CDATA[title is matching:]]>
            </line>
            <line>
              <![CDATA[Broken image detected: http://the-internet.herokuapp.com/asdf.jpg]]>
            </line>
            <line>
              <![CDATA[Broken image detected: http://the-internet.herokuapp.com/hjkl.jpg]]>
            </line>
          </reporter-output>
        </test-method> <!-- beforetest -->
        <test-method signature="test()[pri:0, instance:Assignment_Test.Assignment_MainTest@39529185]" started-at="2023-06-04T07:55:50 IST" name="test" finished-at="2023-06-04T07:55:57 IST" duration-ms="7643" status="PASS">
          <reporter-output>
            <line>
              <![CDATA[title is matching:]]>
            </line>
            <line>
              <![CDATA[element  is present:]]>
            </line>
            <line>
              <![CDATA[element  is present:]]>
            </line>
          </reporter-output>
        </test-method> <!-- test -->
        <test-method is-config="true" signature="aftermethod()[pri:0, instance:Assignment_Test.Assignment_MainTest@39529185]" started-at="2023-06-04T07:55:57 IST" name="aftermethod" finished-at="2023-06-04T07:56:23 IST" duration-ms="25849" status="PASS">
          <reporter-output>
            <line>
              <![CDATA[element  is present:]]>
            </line>
            <line>
              <![CDATA[title is matching:]]>
            </line>
            <line>
              <![CDATA[element  is present:]]>
            </line>
            <line>
              <![CDATA[title is matching:]]>
            </line>
            <line>
              <![CDATA[element  is present:]]>
            </line>
            <line>
              <![CDATA[element  is present:]]>
            </line>
            <line>
              <![CDATA[element  is present:]]>
            </line>
            <line>
              <![CDATA[element  is present:]]>
            </line>
            <line>
              <![CDATA[title is matching:]]>
            </line>
            <line>
              <![CDATA[element  is present:]]>
            </line>
          </reporter-output>
        </test-method> <!-- aftermethod -->
        <test-method is-config="true" signature="postcondition()[pri:0, instance:Assignment_Test.Assignment_MainTest@39529185]" started-at="2023-06-04T07:56:23 IST" name="postcondition" finished-at="2023-06-04T07:56:23 IST" duration-ms="69" status="PASS">
          <reporter-output>
          </reporter-output>
        </test-method> <!-- postcondition -->
      </class> <!-- Assignment_Test.Assignment_MainTest -->
    </test> <!-- Test -->
  </suite> <!-- Suite -->
</testng-results>
